<?xml version="1.0" encoding="UTF-8"?>
<!-- Generated by org.testng.reporters.JUnitXMLReporter -->
<testsuite ignored="0" hostname="LAPTOP-8GNHOKV2" failures="0" tests="3" name="Default test" time="6.302" errors="0" timestamp="2023-05-12T17:24:57 IST">
  <testcase classname="com.Testng.Attribute.Ng92_Dataprovider" name="test" time="2.641"/>
  <testcase classname="com.Testng.Attribute.Ng92_Dataprovider" name="test" time="1.722"/>
  <testcase classname="com.Testng.Attribute.Ng92_Dataprovider" name="test" time="1.892"/>
</testsuite> <!-- Default test -->
