<?xml version="1.0" encoding="UTF-8"?>
<testng-results ignored="0" total="3" passed="3" failed="0" skipped="0">
  <reporter-output>
  </reporter-output>
  <suite started-at="2023-05-12T17:24:51 IST" name="Default suite" finished-at="2023-05-12T17:24:57 IST" duration-ms="6302">
    <groups>
    </groups>
    <test started-at="2023-05-12T17:24:51 IST" name="Default test" finished-at="2023-05-12T17:24:57 IST" duration-ms="6302">
      <class name="com.Testng.Attribute.Ng92_Dataprovider">
        <test-method signature="test(java.lang.String,java.lang.String,java.lang.String)[pri:0, instance:com.Testng.Attribute.Ng92_Dataprovider@4de4b452]" started-at="2023-05-12T17:24:51 IST" name="test" data-provider="myTestCaseData" finished-at="2023-05-12T17:24:54 IST" duration-ms="2641" status="PASS">
          <params>
            <param index="0">
              <value>
                <![CDATA[sam@gmail.com]]>
              </value>
            </param>
            <param index="1">
              <value>
                <![CDATA[Welcome@99]]>
              </value>
            </param>
            <param index="2">
              <value>
                <![CDATA[Male]]>
              </value>
            </param>
          </params>
          <reporter-output>
          </reporter-output>
        </test-method> <!-- test -->
        <test-method signature="test(java.lang.String,java.lang.String,java.lang.String)[pri:0, instance:com.Testng.Attribute.Ng92_Dataprovider@4de4b452]" started-at="2023-05-12T17:24:54 IST" name="test" data-provider="myTestCaseData" finished-at="2023-05-12T17:24:55 IST" duration-ms="1722" status="PASS">
          <params>
            <param index="0">
              <value>
                <![CDATA[ram@gmail.com]]>
              </value>
            </param>
            <param index="1">
              <value>
                <![CDATA[Ram@123]]>
              </value>
            </param>
            <param index="2">
              <value>
                <![CDATA[male]]>
              </value>
            </param>
          </params>
          <reporter-output>
          </reporter-output>
        </test-method> <!-- test -->
        <test-method signature="test(java.lang.String,java.lang.String,java.lang.String)[pri:0, instance:com.Testng.Attribute.Ng92_Dataprovider@4de4b452]" started-at="2023-05-12T17:24:55 IST" name="test" data-provider="myTestCaseData" finished-at="2023-05-12T17:24:57 IST" duration-ms="1892" status="PASS">
          <params>
            <param index="0">
              <value>
                <![CDATA[ana@greens.com]]>
              </value>
            </param>
            <param index="1">
              <value>
                <![CDATA[Greens]]>
              </value>
            </param>
            <param index="2">
              <value>
                <![CDATA[female]]>
              </value>
            </param>
          </params>
          <reporter-output>
          </reporter-output>
        </test-method> <!-- test -->
      </class> <!-- com.Testng.Attribute.Ng92_Dataprovider -->
    </test> <!-- Default test -->
  </suite> <!-- Default suite -->
</testng-results>
